[1720122611.519][INFO]: Starting ChromeDriver 126.0.6478.126 (d36ace6122e0a59570e258d82441395206d60e1c-refs/branch-heads/6478@{#1591}) on port 1379
[1720122611.519][INFO]: Please see https://chromedriver.chromium.org/security-considerations for suggestions on keeping ChromeDriver safe.
[1720122611.580][INFO]: [a38855e0e51bc625aab8262e81f18871] COMMAND InitSession {
   "capabilities": {
      "firstMatch": [ {
         "browserName": "chrome",
         "goog:chromeOptions": {
            "args": [  ],
            "debuggerAddress": "127.0.0.1:9222",
            "extensions": [  ]
         },
         "goog:loggingPrefs": {
            "browser": "INFO",
            "driver": "ALL"
         }
      } ]
   }
}
[1720122671.598][INFO]: [a38855e0e51bc625aab8262e81f18871] RESPONSE InitSession ERROR session not created: cannot connect to chrome at 127.0.0.1:9222
from chrome not reachable

